2022-08-04 09:03:37 info: POST ::1 /v1/words/add
2022-08-04 09:09:01 info: POST ::1 /v1/words
2022-08-04 09:12:24 info: POST ::1 /v1/words
2022-08-04 09:13:22 info: POST ::1 /v1/words
2022-08-04 09:14:04 info: POST ::1 /v1/words
2022-08-04 09:14:16 info: POST ::1 /v1/words
2022-08-04 09:15:13 info: POST ::1 /v1/words
2022-08-04 09:15:13 info: wrods is not defined
2022-08-04 09:15:13 error: wrods is not defined
2022-08-04 09:15:16 info: POST ::1 /v1/words
2022-08-04 09:15:16 info: wrods is not defined
2022-08-04 09:15:16 error: wrods is not defined
2022-08-04 09:15:17 info: POST ::1 /v1/words
2022-08-04 09:15:17 info: wrods is not defined
2022-08-04 09:15:17 error: wrods is not defined
2022-08-04 09:15:43 info: POST ::1 /v1/words
2022-08-04 09:16:23 info: POST ::1 /v1/words
2022-08-04 09:16:27 info: POST ::1 /v1/words
2022-08-04 09:17:55 info: POST ::1 /v1/words
2022-08-04 09:24:19 info: GET ::1 /v1/words
2022-08-04 09:24:19 error: GET /v1/words no Router there
2022-08-04 09:24:19 info: GET ::1 /favicon.ico
2022-08-04 09:24:19 error: GET /favicon.ico no Router there
2022-08-04 09:42:02 info: OPTIONS ::1 /v1/words
2022-08-04 09:42:02 info: POST ::1 /v1/words
2022-08-04 09:42:05 info: POST ::1 /v1/words
2022-08-04 09:42:11 info: OPTIONS ::1 /v1/words
2022-08-04 09:42:11 info: POST ::1 /v1/words
2022-08-04 09:43:08 info: OPTIONS ::1 /v1/words
2022-08-04 09:43:08 info: POST ::1 /v1/words
2022-08-04 09:43:11 info: POST ::1 /v1/words
2022-08-04 09:43:15 info: OPTIONS ::1 /v1/words
2022-08-04 09:43:15 info: POST ::1 /v1/words
2022-08-04 09:43:33 info: OPTIONS ::1 /v1/words
2022-08-04 09:43:33 info: POST ::1 /v1/words
2022-08-04 09:43:41 info: OPTIONS ::1 /v1/words
2022-08-04 09:43:41 info: POST ::1 /v1/words
2022-08-04 09:44:24 info: OPTIONS ::1 /v1/words
2022-08-04 09:44:24 info: POST ::1 /v1/words
2022-08-04 09:48:59 info: OPTIONS ::1 /v1/words
2022-08-04 09:48:59 info: POST ::1 /v1/words
2022-08-04 09:49:17 info: OPTIONS ::1 /v1/words
2022-08-04 09:49:17 info: POST ::1 /v1/words
2022-08-04 09:53:38 info: OPTIONS ::1 /v1/words
2022-08-04 09:53:38 info: POST ::1 /v1/words
2022-08-04 09:54:14 info: OPTIONS ::1 /v1/words
2022-08-04 09:54:14 info: POST ::1 /v1/words
2022-08-04 09:57:28 info: OPTIONS ::1 /v1/words
2022-08-04 09:57:28 info: POST ::1 /v1/words
2022-08-04 09:58:08 info: OPTIONS ::1 /v1/words
2022-08-04 09:58:08 info: POST ::1 /v1/words
2022-08-04 10:01:45 info: OPTIONS ::1 /v1/words
2022-08-04 10:01:45 info: POST ::1 /v1/words
2022-08-04 10:02:07 info: OPTIONS ::1 /v1/words
2022-08-04 10:02:07 info: POST ::1 /v1/words
2022-08-04 10:06:52 info: OPTIONS ::1 /v1/words
2022-08-04 10:06:52 info: POST ::1 /v1/words
2022-08-04 10:06:52 info: Usecases is not associated to EnglishWords!
2022-08-04 10:06:52 error: Usecases is not associated to EnglishWords!
2022-08-04 10:07:00 info: POST ::1 /v1/words
2022-08-04 10:07:00 info: Usecases is not associated to EnglishWords!
2022-08-04 10:07:00 error: Usecases is not associated to EnglishWords!
2022-08-04 10:07:11 info: POST ::1 /v1/words
2022-08-04 10:07:11 info: Usecases is not associated to EnglishWords!
2022-08-04 10:07:11 error: Usecases is not associated to EnglishWords!
2022-08-04 10:07:12 info: POST ::1 /v1/words
2022-08-04 10:07:12 info: Usecases is not associated to EnglishWords!
2022-08-04 10:07:12 error: Usecases is not associated to EnglishWords!
2022-08-04 10:07:39 info: POST ::1 /v1/words
2022-08-04 10:07:39 info: Usecases is not associated to EnglishWords!
2022-08-04 10:07:39 error: Usecases is not associated to EnglishWords!
2022-08-04 10:07:41 info: POST ::1 /v1/words
2022-08-04 10:07:41 info: Usecases is not associated to EnglishWords!
2022-08-04 10:07:41 error: Usecases is not associated to EnglishWords!
2022-08-04 10:08:18 info: POST ::1 /v1/words
2022-08-04 10:08:56 info: POST ::1 /v1/words
2022-08-04 10:08:56 info: Usecases is not associated to EnglishWords!
2022-08-04 10:08:56 error: Usecases is not associated to EnglishWords!
2022-08-04 10:09:46 info: POST ::1 /v1/words
2022-08-04 10:10:16 info: POST ::1 /v1/words
2022-08-04 10:11:00 info: OPTIONS ::1 /v1/words
2022-08-04 10:11:00 info: POST ::1 /v1/words
2022-08-04 10:30:07 info: OPTIONS ::1 /v1/words
2022-08-04 10:30:07 info: POST ::1 /v1/words
2022-08-04 10:41:28 info: OPTIONS ::1 /v1/words
2022-08-04 10:41:28 info: POST ::1 /v1/words
